05-Oct-2016 14:02:28.424 INFO [main] org.apache.catalina.startup.VersionLoggerListener.log Server version:        Apache Tomcat/8.5.4
05-Oct-2016 14:02:28.427 INFO [main] org.apache.catalina.startup.VersionLoggerListener.log Server built:          Jul 6 2016 08:43:30 UTC
05-Oct-2016 14:02:28.427 INFO [main] org.apache.catalina.startup.VersionLoggerListener.log Server number:         8.5.4.0
05-Oct-2016 14:02:28.427 INFO [main] org.apache.catalina.startup.VersionLoggerListener.log OS Name:               Mac OS X
05-Oct-2016 14:02:28.427 INFO [main] org.apache.catalina.startup.VersionLoggerListener.log OS Version:            10.11.6
05-Oct-2016 14:02:28.427 INFO [main] org.apache.catalina.startup.VersionLoggerListener.log Architecture:          x86_64
05-Oct-2016 14:02:28.427 INFO [main] org.apache.catalina.startup.VersionLoggerListener.log Java Home:             /Users/Chalkos/KEEPS/iPRES/ipres16-db-preservation-pack/05-db-visualization-toolkit/jre/mac
05-Oct-2016 14:02:28.428 INFO [main] org.apache.catalina.startup.VersionLoggerListener.log JVM Version:           1.8.0_112-release-b343
05-Oct-2016 14:02:28.428 INFO [main] org.apache.catalina.startup.VersionLoggerListener.log JVM Vendor:            JetBrains s.r.o
05-Oct-2016 14:02:28.428 INFO [main] org.apache.catalina.startup.VersionLoggerListener.log CATALINA_BASE:         /Users/Chalkos/KEEPS/iPRES/ipres16-db-preservation-pack/05-db-visualization-toolkit/apache-tomcat
05-Oct-2016 14:02:28.428 INFO [main] org.apache.catalina.startup.VersionLoggerListener.log CATALINA_HOME:         /Users/Chalkos/KEEPS/iPRES/ipres16-db-preservation-pack/05-db-visualization-toolkit/apache-tomcat
05-Oct-2016 14:02:28.429 INFO [main] org.apache.catalina.startup.VersionLoggerListener.log Command line argument: -Djava.util.logging.config.file=/Users/Chalkos/KEEPS/iPRES/ipres16-db-preservation-pack/05-db-visualization-toolkit/apache-tomcat/conf/logging.properties
05-Oct-2016 14:02:28.429 INFO [main] org.apache.catalina.startup.VersionLoggerListener.log Command line argument: -Djava.util.logging.manager=org.apache.juli.ClassLoaderLogManager
05-Oct-2016 14:02:28.429 INFO [main] org.apache.catalina.startup.VersionLoggerListener.log Command line argument: -Djdk.tls.ephemeralDHKeySize=2048
05-Oct-2016 14:02:28.429 INFO [main] org.apache.catalina.startup.VersionLoggerListener.log Command line argument: -Dcatalina.base=/Users/Chalkos/KEEPS/iPRES/ipres16-db-preservation-pack/05-db-visualization-toolkit/apache-tomcat
05-Oct-2016 14:02:28.429 INFO [main] org.apache.catalina.startup.VersionLoggerListener.log Command line argument: -Dcatalina.home=/Users/Chalkos/KEEPS/iPRES/ipres16-db-preservation-pack/05-db-visualization-toolkit/apache-tomcat
05-Oct-2016 14:02:28.429 INFO [main] org.apache.catalina.startup.VersionLoggerListener.log Command line argument: -Djava.io.tmpdir=/Users/Chalkos/KEEPS/iPRES/ipres16-db-preservation-pack/05-db-visualization-toolkit/apache-tomcat/temp
05-Oct-2016 14:02:28.430 INFO [main] org.apache.catalina.core.AprLifecycleListener.lifecycleEvent The APR based Apache Tomcat Native library which allows optimal performance in production environments was not found on the java.library.path: /Users/Chalkos/Library/Java/Extensions:/Library/Java/Extensions:/Network/Library/Java/Extensions:/System/Library/Java/Extensions:/usr/lib/java:.
05-Oct-2016 14:02:28.541 INFO [main] org.apache.coyote.AbstractProtocol.init Initializing ProtocolHandler ["http-nio-8080"]
05-Oct-2016 14:02:28.570 INFO [main] org.apache.tomcat.util.net.NioSelectorPool.getSharedSelector Using a shared selector for servlet write/read
05-Oct-2016 14:02:28.573 INFO [main] org.apache.coyote.AbstractProtocol.init Initializing ProtocolHandler ["ajp-nio-8009"]
05-Oct-2016 14:02:28.575 INFO [main] org.apache.tomcat.util.net.NioSelectorPool.getSharedSelector Using a shared selector for servlet write/read
05-Oct-2016 14:02:28.575 INFO [main] org.apache.catalina.startup.Catalina.load Initialization processed in 611 ms
05-Oct-2016 14:02:28.598 INFO [main] org.apache.catalina.core.StandardService.startInternal Starting service Catalina
05-Oct-2016 14:02:28.598 INFO [main] org.apache.catalina.core.StandardEngine.startInternal Starting Servlet Engine: Apache Tomcat/8.5.4
05-Oct-2016 14:02:28.608 INFO [localhost-startStop-1] org.apache.catalina.startup.HostConfig.deployDirectory Deploying web application directory /Users/Chalkos/KEEPS/iPRES/ipres16-db-preservation-pack/05-db-visualization-toolkit/apache-tomcat/webapps/ROOT
05-Oct-2016 14:02:33.375 INFO [localhost-startStop-1] org.apache.jasper.servlet.TldScanner.scanJars At least one JAR was scanned for TLDs yet contained no TLDs. Enable debug logging for this logger for a complete list of JARs that were scanned but no TLDs were found in them. Skipping unneeded JARs during scanning can improve startup time and JSP compilation time.
05-Oct-2016 14:02:36.934 INFO [localhost-startStop-1] org.apache.catalina.startup.HostConfig.deployDirectory Deployment of web application directory /Users/Chalkos/KEEPS/iPRES/ipres16-db-preservation-pack/05-db-visualization-toolkit/apache-tomcat/webapps/ROOT has finished in 8,325 ms
05-Oct-2016 14:02:36.938 INFO [main] org.apache.coyote.AbstractProtocol.start Starting ProtocolHandler [http-nio-8080]
05-Oct-2016 14:02:36.947 INFO [main] org.apache.coyote.AbstractProtocol.start Starting ProtocolHandler [ajp-nio-8009]
05-Oct-2016 14:02:36.947 INFO [main] org.apache.catalina.startup.Catalina.start Server startup in 8371 ms
05-Oct-2016 14:02:55.017 INFO [main] org.apache.catalina.core.StandardServer.await A valid shutdown command was received via the shutdown port. Stopping the Server instance.
05-Oct-2016 14:02:55.018 INFO [main] org.apache.coyote.AbstractProtocol.pause Pausing ProtocolHandler ["http-nio-8080"]
05-Oct-2016 14:02:55.069 INFO [main] org.apache.coyote.AbstractProtocol.pause Pausing ProtocolHandler ["ajp-nio-8009"]
05-Oct-2016 14:02:55.125 INFO [main] org.apache.catalina.core.StandardService.stopInternal Stopping service Catalina
05-Oct-2016 14:02:55.170 INFO [main] org.apache.coyote.AbstractProtocol.stop Stopping ProtocolHandler ["http-nio-8080"]
05-Oct-2016 14:02:55.172 INFO [main] org.apache.coyote.AbstractProtocol.stop Stopping ProtocolHandler ["ajp-nio-8009"]
05-Oct-2016 14:02:55.173 INFO [main] org.apache.coyote.AbstractProtocol.destroy Destroying ProtocolHandler ["http-nio-8080"]
05-Oct-2016 14:02:55.173 INFO [main] org.apache.coyote.AbstractProtocol.destroy Destroying ProtocolHandler ["ajp-nio-8009"]
